0 verbose cli C:\Program Files\nodejs\node.exe C:\Program Files\nodejs\node_modules\npm\bin\npm-cli.js
1 info using npm@10.9.2
2 info using node@v22.15.1
3 silly config load:file:C:\Program Files\nodejs\node_modules\npm\npmrc
4 silly config load:file:C:\Users\ljx10\Documents\develop\节点管理面板\.npmrc
5 silly config load:file:C:\Users\ljx10\.npmrc
6 silly config load:file:C:\Users\ljx10\AppData\Roaming\npm\etc\npmrc
7 verbose title npm install
8 verbose argv "install" "--cache" ".npm-cache"
9 verbose logfile logs-max:10 dir:C:\Users\ljx10\Documents\develop\节点管理面板\.npm-cache\_logs\2026-03-24T05_06_51_692Z-
10 verbose logfile C:\Users\ljx10\Documents\develop\节点管理面板\.npm-cache\_logs\2026-03-24T05_06_51_692Z-debug-0.log
11 silly logfile done cleaning log files
12 silly packumentCache heap:4345298944 maxSize:1086324736 maxEntrySize:543162368
13 silly idealTree buildDeps
14 silly fetch manifest turbo@^2.0.5
15 silly packumentCache full:https://registry.npmmirror.com/turbo cache-miss
16 http fetch GET https://registry.npmmirror.com/turbo attempt 1 failed with EACCES
17 http fetch GET https://registry.npmmirror.com/turbo attempt 2 failed with EACCES
18 http fetch GET https://registry.npmmirror.com/turbo attempt 3 failed with EACCES
19 silly fetch manifest typescript@^5.4.5
20 silly packumentCache full:https://registry.npmmirror.com/typescript cache-miss
21 http fetch GET https://registry.npmmirror.com/typescript attempt 1 failed with EACCES
22 http fetch GET https://registry.npmmirror.com/typescript attempt 2 failed with EACCES
23 http fetch GET https://registry.npmmirror.com/typescript attempt 3 failed with EACCES
24 silly placeDep ROOT turbo@ OK for:  want: ^2.0.5
25 silly placeDep ROOT typescript@ OK for:  want: ^5.4.5
26 verbose type system
27 verbose stack FetchError: request to https://registry.npmmirror.com/turbo failed, reason: 
27 verbose stack     at ClientRequest.<anonymous> (C:\Program Files\nodejs\node_modules\npm\node_modules\minipass-fetch\lib\index.js:130:14)
27 verbose stack     at ClientRequest.emit (node:events:518:28)
27 verbose stack     at emitErrorEvent (node:_http_client:104:11)
27 verbose stack     at _destroy (node:_http_client:898:9)
27 verbose stack     at onSocketNT (node:_http_client:918:5)
27 verbose stack     at process.processTicksAndRejections (node:internal/process/task_queues:91:21)
28 error code EACCES
29 error errno EACCES
30 error FetchError: request to https://registry.npmmirror.com/turbo failed, reason: 
30 error     at ClientRequest.<anonymous> (C:\Program Files\nodejs\node_modules\npm\node_modules\minipass-fetch\lib\index.js:130:14)
30 error     at ClientRequest.emit (node:events:518:28)
30 error     at emitErrorEvent (node:_http_client:104:11)
30 error     at _destroy (node:_http_client:898:9)
30 error     at onSocketNT (node:_http_client:918:5)
30 error     at process.processTicksAndRejections (node:internal/process/task_queues:91:21) {
30 error   code: 'EACCES',
30 error   errno: 'EACCES',
30 error   type: 'system',
30 error   requiredBy: '.'
30 error }
31 error
31 error The operation was rejected by your operating system.
31 error It's possible that the file was already in use (by a text editor or antivirus),
31 error or that you lack permissions to access it.
31 error
31 error If you believe this might be a permissions issue, please double-check the
31 error permissions of the file and its containing directories, or try running
31 error the command again as root/Administrator.
32 silly unfinished npm timer reify 1774328813001
33 silly unfinished npm timer reify:loadTrees 1774328813004
34 verbose cwd C:\Users\ljx10\Documents\develop\节点管理面板
35 verbose os Windows_NT 10.0.26100
36 verbose node v22.15.1
37 verbose npm  v10.9.2
38 verbose exit 1
39 verbose code 1
40 error A complete log of this run can be found in: C:\Users\ljx10\Documents\develop\节点管理面板\.npm-cache\_logs\2026-03-24T05_06_51_692Z-debug-0.log
